2025-11-10T15:18:56.679+08:00  INFO 10708 --- [main] c.b.s.SpringBookDemoApplication          : Starting SpringBookDemoApplication using Java 17.0.17 with PID 10708 (D:\code\java\spring-book-demo\target\classes started by MouKexin in D:\code\java\spring-book-demo)
2025-11-10T15:18:56.682+08:00  INFO 10708 --- [main] c.b.s.SpringBookDemoApplication          : No active profile set, falling back to 1 default profile: "default"
2025-11-10T15:18:57.351+08:00  INFO 10708 --- [main] o.s.b.w.embedded.tomcat.TomcatWebServer  : Tomcat initialized with port 8080 (http)
2025-11-10T15:18:57.362+08:00  INFO 10708 --- [main] o.apache.catalina.core.StandardService   : Starting service [Tomcat]
2025-11-10T15:18:57.362+08:00  INFO 10708 --- [main] o.apache.catalina.core.StandardEngine    : Starting Servlet engine: [Apache Tomcat/10.1.48]
2025-11-10T15:18:57.404+08:00  INFO 10708 --- [main] o.a.c.c.C.[Tomcat].[localhost].[/]       : Initializing Spring embedded WebApplicationContext
2025-11-10T15:18:57.404+08:00  INFO 10708 --- [main] w.s.c.ServletWebServerApplicationContext : Root WebApplicationContext: initialization completed in 681 ms
2025-11-10T15:18:57.873+08:00  INFO 10708 --- [main] o.s.b.w.embedded.tomcat.TomcatWebServer  : Tomcat started on port 8080 (http) with context path '/'
2025-11-10T15:18:57.880+08:00  INFO 10708 --- [main] c.b.s.SpringBookDemoApplication          : Started SpringBookDemoApplication in 1.72 seconds (process running for 2.258)
2025-11-10T15:18:58.129+08:00  INFO 10708 --- [http-nio-8080-exec-1] o.a.c.c.C.[Tomcat].[localhost].[/]       : Initializing Spring DispatcherServlet 'dispatcherServlet'
2025-11-10T15:18:58.130+08:00  INFO 10708 --- [http-nio-8080-exec-1] o.s.web.servlet.DispatcherServlet        : Initializing Servlet 'dispatcherServlet'
2025-11-10T15:18:58.132+08:00  INFO 10708 --- [http-nio-8080-exec-1] o.s.web.servlet.DispatcherServlet        : Completed initialization in 1 ms
2025-11-10T15:34:30.197+08:00  INFO 10708 --- [SpringApplicationShutdownHook] o.s.b.w.e.tomcat.GracefulShutdown        : Commencing graceful shutdown. Waiting for active requests to complete
2025-11-10T15:34:30.333+08:00  INFO 10708 --- [tomcat-shutdown] o.s.b.w.e.tomcat.GracefulShutdown        : Graceful shutdown complete
2025-11-10T15:34:31.859+08:00  INFO 17380 --- [main] c.b.s.SpringBookDemoApplication          : Starting SpringBookDemoApplication using Java 17.0.17 with PID 17380 (D:\code\java\spring-book-demo\target\classes started by MouKexin in D:\code\java\spring-book-demo)
2025-11-10T15:34:31.861+08:00  INFO 17380 --- [main] c.b.s.SpringBookDemoApplication          : No active profile set, falling back to 1 default profile: "default"
2025-11-10T15:34:32.443+08:00  INFO 17380 --- [main] o.s.b.w.embedded.tomcat.TomcatWebServer  : Tomcat initialized with port 8080 (http)
2025-11-10T15:34:32.451+08:00  INFO 17380 --- [main] o.apache.catalina.core.StandardService   : Starting service [Tomcat]
2025-11-10T15:34:32.451+08:00  INFO 17380 --- [main] o.apache.catalina.core.StandardEngine    : Starting Servlet engine: [Apache Tomcat/10.1.48]
2025-11-10T15:34:32.483+08:00  INFO 17380 --- [main] o.a.c.c.C.[Tomcat].[localhost].[/]       : Initializing Spring embedded WebApplicationContext
2025-11-10T15:34:32.483+08:00  INFO 17380 --- [main] w.s.c.ServletWebServerApplicationContext : Root WebApplicationContext: initialization completed in 594 ms
2025-11-10T15:34:32.825+08:00  INFO 17380 --- [main] o.s.b.w.embedded.tomcat.TomcatWebServer  : Tomcat started on port 8080 (http) with context path '/'
2025-11-10T15:34:32.833+08:00  INFO 17380 --- [main] c.b.s.SpringBookDemoApplication          : Started SpringBookDemoApplication in 1.337 seconds (process running for 1.709)
2025-11-10T15:34:37.891+08:00  INFO 17380 --- [http-nio-8080-exec-3] o.a.c.c.C.[Tomcat].[localhost].[/]       : Initializing Spring DispatcherServlet 'dispatcherServlet'
2025-11-10T15:34:37.891+08:00  INFO 17380 --- [http-nio-8080-exec-3] o.s.web.servlet.DispatcherServlet        : Initializing Servlet 'dispatcherServlet'
2025-11-10T15:34:37.892+08:00  INFO 17380 --- [http-nio-8080-exec-3] o.s.web.servlet.DispatcherServlet        : Completed initialization in 0 ms
2025-11-10T15:38:05.938+08:00  INFO 17380 --- [http-nio-8080-exec-5] c.b.s.controller.BookController          : 添加图书, request: BookInfo(id=null, bookName=null, author=null, count=null, price=null, publish=null, status=null, statusCN=null, createTime=null, updateTime=null)
2025-11-10T15:38:05.950+08:00 ERROR 17380 --- [http-nio-8080-exec-5] c.b.s.controller.BookController          : 添加图书，参数不合法，request: BookInfo(id=null, bookName=null, author=null, count=null, price=null, publish=null, status=null, statusCN=null, createTime=null, updateTime=null)
2025-11-10T15:38:44.806+08:00  INFO 17380 --- [SpringApplicationShutdownHook] o.s.b.w.e.tomcat.GracefulShutdown        : Commencing graceful shutdown. Waiting for active requests to complete
2025-11-10T15:38:44.933+08:00  INFO 17380 --- [tomcat-shutdown] o.s.b.w.e.tomcat.GracefulShutdown        : Graceful shutdown complete
2025-11-10T15:38:46.326+08:00  INFO 22508 --- [main] c.b.s.SpringBookDemoApplication          : Starting SpringBookDemoApplication using Java 17.0.17 with PID 22508 (D:\code\java\spring-book-demo\target\classes started by MouKexin in D:\code\java\spring-book-demo)
2025-11-10T15:38:46.328+08:00  INFO 22508 --- [main] c.b.s.SpringBookDemoApplication          : No active profile set, falling back to 1 default profile: "default"
2025-11-10T15:38:46.809+08:00  INFO 22508 --- [main] o.s.b.w.embedded.tomcat.TomcatWebServer  : Tomcat initialized with port 8080 (http)
2025-11-10T15:38:46.816+08:00  INFO 22508 --- [main] o.apache.catalina.core.StandardService   : Starting service [Tomcat]
2025-11-10T15:38:46.817+08:00  INFO 22508 --- [main] o.apache.catalina.core.StandardEngine    : Starting Servlet engine: [Apache Tomcat/10.1.48]
2025-11-10T15:38:46.849+08:00  INFO 22508 --- [main] o.a.c.c.C.[Tomcat].[localhost].[/]       : Initializing Spring embedded WebApplicationContext
2025-11-10T15:38:46.849+08:00  INFO 22508 --- [main] w.s.c.ServletWebServerApplicationContext : Root WebApplicationContext: initialization completed in 496 ms
2025-11-10T15:38:47.135+08:00  INFO 22508 --- [main] o.s.b.w.embedded.tomcat.TomcatWebServer  : Tomcat started on port 8080 (http) with context path '/'
2025-11-10T15:38:47.140+08:00  INFO 22508 --- [main] c.b.s.SpringBookDemoApplication          : Started SpringBookDemoApplication in 1.118 seconds (process running for 1.478)
2025-11-10T15:38:53.360+08:00  INFO 22508 --- [http-nio-8080-exec-1] o.a.c.c.C.[Tomcat].[localhost].[/]       : Initializing Spring DispatcherServlet 'dispatcherServlet'
2025-11-10T15:38:53.361+08:00  INFO 22508 --- [http-nio-8080-exec-1] o.s.web.servlet.DispatcherServlet        : Initializing Servlet 'dispatcherServlet'
2025-11-10T15:38:53.361+08:00  INFO 22508 --- [http-nio-8080-exec-1] o.s.web.servlet.DispatcherServlet        : Completed initialization in 0 ms
2025-11-10T15:39:23.164+08:00  INFO 22508 --- [http-nio-8080-exec-3] c.b.s.controller.BookController          : 添加图书, request: BookInfo(id=null, bookName=null, author=null, count=null, price=null, publish=null, status=null, statusCN=null, createTime=null, updateTime=null)
2025-11-10T15:39:23.180+08:00 ERROR 22508 --- [http-nio-8080-exec-3] c.b.s.controller.BookController          : 添加图书，参数不合法，request: BookInfo(id=null, bookName=null, author=null, count=null, price=null, publish=null, status=null, statusCN=null, createTime=null, updateTime=null)
2025-11-10T15:52:47.234+08:00  INFO 22508 --- [http-nio-8080-exec-5] c.b.s.controller.BookController          : 添加图书, request: BookInfo(id=null, bookName=null, author=null, count=null, price=null, publish=null, status=null, statusCN=null, createTime=null, updateTime=null)
2025-11-10T15:52:47.234+08:00 ERROR 22508 --- [http-nio-8080-exec-5] c.b.s.controller.BookController          : 添加图书，参数不合法，request: BookInfo(id=null, bookName=null, author=null, count=null, price=null, publish=null, status=null, statusCN=null, createTime=null, updateTime=null)
2025-11-10T15:53:43.224+08:00  INFO 22508 --- [http-nio-8080-exec-7] c.b.s.controller.BookController          : 添加图书, request: BookInfo(id=null, bookName=null, author=null, count=null, price=null, publish=null, status=null, statusCN=null, createTime=null, updateTime=null)
2025-11-10T15:53:43.224+08:00 ERROR 22508 --- [http-nio-8080-exec-7] c.b.s.controller.BookController          : 添加图书，参数不合法，request: BookInfo(id=null, bookName=null, author=null, count=null, price=null, publish=null, status=null, statusCN=null, createTime=null, updateTime=null)
2025-11-10T15:58:40.046+08:00  INFO 22508 --- [SpringApplicationShutdownHook] o.s.b.w.e.tomcat.GracefulShutdown        : Commencing graceful shutdown. Waiting for active requests to complete
2025-11-10T15:58:40.178+08:00  INFO 22508 --- [tomcat-shutdown] o.s.b.w.e.tomcat.GracefulShutdown        : Graceful shutdown complete
2025-11-10T15:58:42.582+08:00  INFO 12284 --- [main] c.b.s.SpringBookDemoApplication          : Starting SpringBookDemoApplication using Java 17.0.17 with PID 12284 (D:\code\java\spring-book-demo\target\classes started by MouKexin in D:\code\java\spring-book-demo)
2025-11-10T15:58:42.584+08:00  INFO 12284 --- [main] c.b.s.SpringBookDemoApplication          : No active profile set, falling back to 1 default profile: "default"
2025-11-10T15:58:43.060+08:00  INFO 12284 --- [main] o.s.b.w.embedded.tomcat.TomcatWebServer  : Tomcat initialized with port 8080 (http)
2025-11-10T15:58:43.067+08:00  INFO 12284 --- [main] o.apache.catalina.core.StandardService   : Starting service [Tomcat]
2025-11-10T15:58:43.068+08:00  INFO 12284 --- [main] o.apache.catalina.core.StandardEngine    : Starting Servlet engine: [Apache Tomcat/10.1.48]
2025-11-10T15:58:43.096+08:00  INFO 12284 --- [main] o.a.c.c.C.[Tomcat].[localhost].[/]       : Initializing Spring embedded WebApplicationContext
2025-11-10T15:58:43.097+08:00  INFO 12284 --- [main] w.s.c.ServletWebServerApplicationContext : Root WebApplicationContext: initialization completed in 486 ms
2025-11-10T15:58:43.378+08:00  INFO 12284 --- [main] o.s.b.w.embedded.tomcat.TomcatWebServer  : Tomcat started on port 8080 (http) with context path '/'
2025-11-10T15:58:43.382+08:00  INFO 12284 --- [main] c.b.s.SpringBookDemoApplication          : Started SpringBookDemoApplication in 1.079 seconds (process running for 1.395)
2025-11-10T15:58:49.015+08:00  INFO 12284 --- [http-nio-8080-exec-1] o.a.c.c.C.[Tomcat].[localhost].[/]       : Initializing Spring DispatcherServlet 'dispatcherServlet'
2025-11-10T15:58:49.016+08:00  INFO 12284 --- [http-nio-8080-exec-1] o.s.web.servlet.DispatcherServlet        : Initializing Servlet 'dispatcherServlet'
2025-11-10T15:58:49.017+08:00  INFO 12284 --- [http-nio-8080-exec-1] o.s.web.servlet.DispatcherServlet        : Completed initialization in 1 ms
2025-11-10T15:58:49.039+08:00  INFO 12284 --- [http-nio-8080-exec-1] c.b.s.controller.BookController          : 添加图书, request: BookInfo(id=null, bookName=null, author=null, count=null, price=null, publish=null, status=null, statusCN=null, createTime=null, updateTime=null)
2025-11-10T15:58:49.043+08:00 ERROR 12284 --- [http-nio-8080-exec-1] c.b.s.controller.BookController          : 添加图书，参数不合法，request: BookInfo(id=null, bookName=null, author=null, count=null, price=null, publish=null, status=null, statusCN=null, createTime=null, updateTime=null)
2025-11-10T15:59:10.760+08:00  INFO 12284 --- [http-nio-8080-exec-3] c.b.s.controller.BookController          : 添加图书, request: BookInfo(id=null, bookName=图书3, author=作者3, count=89, price=34, publish=出版社3, status=1, statusCN=null, createTime=null, updateTime=null)
2025-11-10T15:59:10.808+08:00  INFO 12284 --- [http-nio-8080-exec-3] com.zaxxer.hikari.HikariDataSource       : HikariPool-1 - Starting...
2025-11-10T15:59:11.221+08:00  INFO 12284 --- [http-nio-8080-exec-3] com.zaxxer.hikari.pool.HikariPool        : HikariPool-1 - Added connection com.mysql.cj.jdbc.ConnectionImpl@3ec3982a
2025-11-10T15:59:11.224+08:00  INFO 12284 --- [http-nio-8080-exec-3] com.zaxxer.hikari.HikariDataSource       : HikariPool-1 - Start completed.
2025-11-10T16:07:53.327+08:00  INFO 12284 --- [SpringApplicationShutdownHook] o.s.b.w.e.tomcat.GracefulShutdown        : Commencing graceful shutdown. Waiting for active requests to complete
2025-11-10T16:07:54.112+08:00  INFO 12284 --- [tomcat-shutdown] o.s.b.w.e.tomcat.GracefulShutdown        : Graceful shutdown complete
2025-11-10T16:07:54.122+08:00  INFO 12284 --- [SpringApplicationShutdownHook] com.zaxxer.hikari.HikariDataSource       : HikariPool-1 - Shutdown initiated...
2025-11-10T16:07:54.155+08:00  INFO 12284 --- [SpringApplicationShutdownHook] com.zaxxer.hikari.HikariDataSource       : HikariPool-1 - Shutdown completed.
